<?xml version="1.0" encoding="UTF-8"?>
<robot generator="Robot 2.8.5 (Jython 2.5.3 on java1.7.0_71)" generated="20141108 08:11:58.792">
<suite source="C:\Users\Eric\Documents\CS310\jsu-mcis-cs310-Group2Scrum\acceptance\ArgumentParserTest.txt" id="s1" name="ArgumentParserTest">
<test id="s1-t1" name="Start Test For Volume Calculator">
<kw type="kw" name="Start Program With Arguments 7 5 2">
<doc></doc>
<arguments>
</arguments>
<kw type="kw" name="ArgumentParserKeywords.Start Volume Calculator Test">
<doc></doc>
<arguments>
<arg>7 5 2</arg>
</arguments>
<status status="PASS" endtime="20141108 08:11:59.669" starttime="20141108 08:11:59.635"></status>
</kw>
<status status="PASS" endtime="20141108 08:11:59.672" starttime="20141108 08:11:59.626"></status>
</kw>
<kw type="kw" name="${length} = ArgumentParserKeywords.Get">
<doc></doc>
<arguments>
<arg>length</arg>
</arguments>
<msg timestamp="20141108 08:11:59.678" level="INFO">${length} = 7</msg>
<status status="PASS" endtime="20141108 08:11:59.677" starttime="20141108 08:11:59.674"></status>
</kw>
<kw type="kw" name="BuiltIn.Should Be Equal">
<doc>Fails if the given objects are unequal.</doc>
<arguments>
<arg>7</arg>
<arg>${length}</arg>
</arguments>
<msg timestamp="20141108 08:11:59.686" level="INFO">Argument types are:
&lt;type 'unicode'&gt;
&lt;type 'unicode'&gt;</msg>
<status status="PASS" endtime="20141108 08:11:59.688" starttime="20141108 08:11:59.681"></status>
</kw>
<kw type="kw" name="${width} = ArgumentParserKeywords.Get">
<doc></doc>
<arguments>
<arg>width</arg>
</arguments>
<msg timestamp="20141108 08:11:59.695" level="INFO">${width} = 5</msg>
<status status="PASS" endtime="20141108 08:11:59.694" starttime="20141108 08:11:59.691"></status>
</kw>
<kw type="kw" name="BuiltIn.Should Be Equal">
<doc>Fails if the given objects are unequal.</doc>
<arguments>
<arg>5</arg>
<arg>${width}</arg>
</arguments>
<msg timestamp="20141108 08:11:59.701" level="INFO">Argument types are:
&lt;type 'unicode'&gt;
&lt;type 'unicode'&gt;</msg>
<status status="PASS" endtime="20141108 08:11:59.702" starttime="20141108 08:11:59.697"></status>
</kw>
<kw type="kw" name="${height} = ArgumentParserKeywords.Get">
<doc></doc>
<arguments>
<arg>height</arg>
</arguments>
<msg timestamp="20141108 08:11:59.708" level="INFO">${height} = 2</msg>
<status status="PASS" endtime="20141108 08:11:59.707" starttime="20141108 08:11:59.704"></status>
</kw>
<kw type="kw" name="BuiltIn.Should Be Equal">
<doc>Fails if the given objects are unequal.</doc>
<arguments>
<arg>2</arg>
<arg>${height}</arg>
</arguments>
<msg timestamp="20141108 08:11:59.717" level="INFO">Argument types are:
&lt;type 'unicode'&gt;
&lt;type 'unicode'&gt;</msg>
<status status="PASS" endtime="20141108 08:11:59.719" starttime="20141108 08:11:59.712"></status>
</kw>
<doc></doc>
<tags>
</tags>
<status status="PASS" critical="yes" endtime="20141108 08:11:59.722" starttime="20141108 08:11:59.615"></status>
</test>
<test id="s1-t2" name="Start Test For Animal Show">
<kw type="kw" name="Start Program With Arguments dog 2 true 3.5">
<doc></doc>
<arguments>
</arguments>
<kw type="kw" name="ArgumentParserKeywords.Start Pet Show Test">
<doc></doc>
<arguments>
<arg>dog 2 true 3.5</arg>
</arguments>
<status status="PASS" endtime="20141108 08:11:59.746" starttime="20141108 08:11:59.742"></status>
</kw>
<status status="PASS" endtime="20141108 08:11:59.747" starttime="20141108 08:11:59.736"></status>
</kw>
<kw type="kw" name="${pet} = ArgumentParserKeywords.Get">
<doc></doc>
<arguments>
<arg>pet</arg>
</arguments>
<msg timestamp="20141108 08:11:59.753" level="INFO">${pet} = dog</msg>
<status status="PASS" endtime="20141108 08:11:59.752" starttime="20141108 08:11:59.749"></status>
</kw>
<kw type="kw" name="BuiltIn.Should Be Equal">
<doc>Fails if the given objects are unequal.</doc>
<arguments>
<arg>dog</arg>
<arg>${pet}</arg>
</arguments>
<msg timestamp="20141108 08:11:59.758" level="INFO">Argument types are:
&lt;type 'unicode'&gt;
&lt;type 'unicode'&gt;</msg>
<status status="PASS" endtime="20141108 08:11:59.759" starttime="20141108 08:11:59.755"></status>
</kw>
<kw type="kw" name="${number} = ArgumentParserKeywords.Get">
<doc></doc>
<arguments>
<arg>number</arg>
</arguments>
<msg timestamp="20141108 08:11:59.765" level="INFO">${number} = 2</msg>
<status status="PASS" endtime="20141108 08:11:59.764" starttime="20141108 08:11:59.761"></status>
</kw>
<kw type="kw" name="BuiltIn.Should Be Equal">
<doc>Fails if the given objects are unequal.</doc>
<arguments>
<arg>2</arg>
<arg>${number}</arg>
</arguments>
<msg timestamp="20141108 08:11:59.770" level="INFO">Argument types are:
&lt;type 'unicode'&gt;
&lt;type 'unicode'&gt;</msg>
<status status="PASS" endtime="20141108 08:11:59.771" starttime="20141108 08:11:59.767"></status>
</kw>
<kw type="kw" name="${rainy} = ArgumentParserKeywords.Get">
<doc></doc>
<arguments>
<arg>rainy</arg>
</arguments>
<msg timestamp="20141108 08:11:59.777" level="INFO">${rainy} = true</msg>
<status status="PASS" endtime="20141108 08:11:59.776" starttime="20141108 08:11:59.773"></status>
</kw>
<kw type="kw" name="BuiltIn.Should Be Equal">
<doc>Fails if the given objects are unequal.</doc>
<arguments>
<arg>true</arg>
<arg>${rainy}</arg>
</arguments>
<msg timestamp="20141108 08:11:59.782" level="INFO">Argument types are:
&lt;type 'unicode'&gt;
&lt;type 'unicode'&gt;</msg>
<status status="PASS" endtime="20141108 08:11:59.783" starttime="20141108 08:11:59.779"></status>
</kw>
<kw type="kw" name="${bathrooms} = ArgumentParserKeywords.Get">
<doc></doc>
<arguments>
<arg>bathrooms</arg>
</arguments>
<msg timestamp="20141108 08:11:59.788" level="INFO">${bathrooms} = 3.5</msg>
<status status="PASS" endtime="20141108 08:11:59.788" starttime="20141108 08:11:59.785"></status>
</kw>
<kw type="kw" name="BuiltIn.Should Be Equal">
<doc>Fails if the given objects are unequal.</doc>
<arguments>
<arg>3.5</arg>
<arg>${bathrooms}</arg>
</arguments>
<msg timestamp="20141108 08:11:59.796" level="INFO">Argument types are:
&lt;type 'unicode'&gt;
&lt;type 'unicode'&gt;</msg>
<status status="PASS" endtime="20141108 08:11:59.798" starttime="20141108 08:11:59.791"></status>
</kw>
<doc></doc>
<tags>
</tags>
<status status="PASS" critical="yes" endtime="20141108 08:11:59.801" starttime="20141108 08:11:59.727"></status>
</test>
<test id="s1-t3" name="Start Test With Optional Arguments">
<kw type="kw" name="ArgumentParserKeywords.Start Program With Optional Arguments">
<doc></doc>
<arguments>
<arg>7 --type box 5 2</arg>
</arguments>
<status status="PASS" endtime="20141108 08:11:59.818" starttime="20141108 08:11:59.812"></status>
</kw>
<kw type="kw" name="${type} = ArgumentParserKeywords.Get">
<doc></doc>
<arguments>
<arg>type</arg>
</arguments>
<msg timestamp="20141108 08:11:59.823" level="INFO">${type} = box</msg>
<status status="PASS" endtime="20141108 08:11:59.822" starttime="20141108 08:11:59.820"></status>
</kw>
<kw type="kw" name="BuiltIn.Should Be Equal">
<doc>Fails if the given objects are unequal.</doc>
<arguments>
<arg>${type}</arg>
<arg>box</arg>
</arguments>
<msg timestamp="20141108 08:11:59.829" level="INFO">Argument types are:
&lt;type 'unicode'&gt;
&lt;type 'unicode'&gt;</msg>
<status status="PASS" endtime="20141108 08:11:59.831" starttime="20141108 08:11:59.826"></status>
</kw>
<doc></doc>
<tags>
</tags>
<status status="PASS" critical="yes" endtime="20141108 08:11:59.832" starttime="20141108 08:11:59.805"></status>
</test>
<doc></doc>
<metadata>
</metadata>
<status status="PASS" endtime="20141108 08:11:59.838" starttime="20141108 08:11:58.800"></status>
</suite>
<statistics>
<total>
<stat pass="3" fail="0">Critical Tests</stat>
<stat pass="3" fail="0">All Tests</stat>
</total>
<tag>
</tag>
<suite>
<stat pass="3" id="s1" fail="0" name="ArgumentParserTest">ArgumentParserTest</stat>
</suite>
</statistics>
<errors>
</errors>
</robot>
